000 (7088722.000.000) 2024-05-03 10:28:34 Job submitted from host: <141.34.103.36:9618?addrs=141.34.103.36-9618&alias=wgs3a.zeuthen.desy.de&noUDP&sock=schedd_3270866_9873>
...
040 (7088722.000.000) 2024-05-03 10:28:46 Started transferring input files
	Transferring to host: <141.34.15.182:9618?addrs=141.34.15.182-9618&alias=bladek8.zeuthen.desy.de&noUDP&sock=slot1_14_8591_e2f6_81671>
...
040 (7088722.000.000) 2024-05-03 10:28:46 Finished transferring input files
...
001 (7088722.000.000) 2024-05-03 10:28:47 Job executing on host: <141.34.15.182:9618?addrs=141.34.15.182-9618&alias=bladek8.zeuthen.desy.de&noUDP&sock=startd_8477_186b>
...
006 (7088722.000.000) 2024-05-03 10:28:56 Image size of job updated: 143296
	104  -  MemoryUsage of job (MB)
	106364  -  ResidentSetSize of job (KB)
...
006 (7088722.000.000) 2024-05-03 10:33:57 Image size of job updated: 808856
	106  -  MemoryUsage of job (MB)
	107592  -  ResidentSetSize of job (KB)
...
006 (7088722.000.000) 2024-05-03 10:38:58 Image size of job updated: 822620
	119  -  MemoryUsage of job (MB)
	121324  -  ResidentSetSize of job (KB)
...
006 (7088722.000.000) 2024-05-03 10:43:58 Image size of job updated: 823016
	120  -  MemoryUsage of job (MB)
	122200  -  ResidentSetSize of job (KB)
...
006 (7088722.000.000) 2024-05-03 10:48:59 Image size of job updated: 823016
	120  -  MemoryUsage of job (MB)
	122204  -  ResidentSetSize of job (KB)
...
006 (7088722.000.000) 2024-05-03 10:54:00 Image size of job updated: 824172
	120  -  MemoryUsage of job (MB)
	122672  -  ResidentSetSize of job (KB)
...
006 (7088722.000.000) 2024-05-03 10:59:00 Image size of job updated: 824304
	120  -  MemoryUsage of job (MB)
	122852  -  ResidentSetSize of job (KB)
...
006 (7088722.000.000) 2024-05-03 11:04:00 Image size of job updated: 824436
	121  -  MemoryUsage of job (MB)
	123148  -  ResidentSetSize of job (KB)
...
006 (7088722.000.000) 2024-05-03 11:14:01 Image size of job updated: 824436
	121  -  MemoryUsage of job (MB)
	123868  -  ResidentSetSize of job (KB)
...
006 (7088722.000.000) 2024-05-03 11:19:01 Image size of job updated: 824568
	122  -  MemoryUsage of job (MB)
	124120  -  ResidentSetSize of job (KB)
...
006 (7088722.000.000) 2024-05-03 11:24:02 Image size of job updated: 824568
	122  -  MemoryUsage of job (MB)
	124124  -  ResidentSetSize of job (KB)
...
006 (7088722.000.000) 2024-05-03 11:29:03 Image size of job updated: 824700
	122  -  MemoryUsage of job (MB)
	124336  -  ResidentSetSize of job (KB)
...
006 (7088722.000.000) 2024-05-03 11:34:03 Image size of job updated: 824832
	124  -  MemoryUsage of job (MB)
	126680  -  ResidentSetSize of job (KB)
...
040 (7088722.000.000) 2024-05-03 11:38:35 Started transferring output files
...
040 (7088722.000.000) 2024-05-03 11:38:36 Finished transferring output files
...
005 (7088722.000.000) 2024-05-03 11:38:36 Job terminated.
	(1) Normal termination (return value 0)
		Usr 0 01:09:38, Sys 0 00:00:06  -  Run Remote Usage
		Usr 0 00:00:00, Sys 0 00:00:00  -  Run Local Usage
		Usr 0 01:09:38, Sys 0 00:00:06  -  Total Remote Usage
		Usr 0 00:00:00, Sys 0 00:00:00  -  Total Local Usage
	1951  -  Run Bytes Sent By Job
	2483  -  Run Bytes Received By Job
	1951  -  Total Bytes Sent By Job
	2483  -  Total Bytes Received By Job
	Partitionable Resources :    Usage  Request Allocated 
	   Cpus                 :     1.00        2         2 
	   Disk (KB)            :    23      102400    854397 
	   Memory (MB)          :   124         512       512 

	Job terminated of its own accord at 2024-05-03T09:38:35Z with exit-code 0.
...
